{"/Users/artadmire/goShop/src/App.vue": {"path":"/Users/artadmire/goShop/src/App.vue","statementMap":{"0":{"start":{"line":9,"column":0},"end":{"line":null,"column":-1}},"1":{"start":{"line":15,"column":0},"end":{"line":17,"column":0}},"2":{"start":{"line":16,"column":0},"end":{"line":null,"column":-1}},"3":{"start":{"line":21,"column":0},"end":{"line":25,"column":0}},"4":{"start":{"line":22,"column":0},"end":{"line":24,"column":0}},"5":{"start":{"line":23,"column":0},"end":{"line":null,"column":-1}}},"fnMap":{"0":{"name":"created","decl":{"start":{"line":14,"column":0},"end":{"line":null,"column":-1}},"loc":{"start":{"line":14,"column":0},"end":{"line":18,"column":0}}},"1":{"name":"(anonymous_3)","decl":{"start":{"line":15,"column":0},"end":{"line":null,"column":-1}},"loc":{"start":{"line":15,"column":0},"end":{"line":17,"column":0}}},"2":{"name":"Test","decl":{"start":{"line":20,"column":0},"end":{"line":null,"column":-1}},"loc":{"start":{"line":20,"column":0},"end":{"line":26,"column":0}}},"3":{"name":"(anonymous_5)","decl":{"start":{"line":21,"column":0},"end":{"line":null,"column":-1}},"loc":{"start":{"line":21,"column":0},"end":{"line":25,"column":0}}},"4":{"name":"(anonymous_6)","decl":{"start":{"line":22,"column":0},"end":{"line":null,"column":-1}},"loc":{"start":{"line":22,"column":0},"end":{"line":24,"column":0}}}},"branchMap":{},"s":{"0":0,"1":0,"2":0,"3":0,"4":0,"5":0},"f":{"0":0,"1":0,"2":0,"3":0,"4":0},"b":{}}
,"/Users/artadmire/goShop/src/api/index.js": {"path":"/Users/artadmire/goShop/src/api/index.js","statementMap":{"0":{"start":{"line":2,"column":0},"end":{"line":null,"column":-1}},"1":{"start":{"line":3,"column":15},"end":{"line":3,"column":0}},"2":{"start":{"line":4,"column":0},"end":{"line":5,"column":8}},"3":{"start":{"line":6,"column":7},"end":{"line":null,"column":-1}}},"fnMap":{"0":{"name":"getConfig","decl":{"start":{"line":5,"column":17},"end":{"line":5,"column":8}},"loc":{"start":{"line":5,"column":29},"end":{"line":7,"column":6}}}},"branchMap":{},"s":{"0":0,"1":0,"2":0,"3":0},"f":{"0":0},"b":{}}
,"/Users/artadmire/goShop/src/api/request.js": {"path":"/Users/artadmire/goShop/src/api/request.js","statementMap":{"0":{"start":{"line":2,"column":0},"end":{"line":null,"column":-1}},"1":{"start":{"line":4,"column":0},"end":{"line":8,"column":1}},"2":{"start":{"line":5,"column":4},"end":{"line":null,"column":-1}},"3":{"start":{"line":6,"column":7},"end":{"line":8,"column":1}},"4":{"start":{"line":7,"column":4},"end":{"line":null,"column":-1}},"5":{"start":{"line":9,"column":0},"end":{"line":null,"column":-1}},"6":{"start":{"line":10,"column":0},"end":{"line":null,"column":-1}},"7":{"start":{"line":13,"column":0},"end":{"line":null,"column":-1}},"8":{"start":{"line":18,"column":4},"end":{"line":null,"column":-1}},"9":{"start":{"line":21,"column":4},"end":{"line":null,"column":-1}},"10":{"start":{"line":25,"column":0},"end":{"line":null,"column":-1}},"11":{"start":{"line":29,"column":4},"end":{"line":null,"column":-1}},"12":{"start":{"line":32,"column":4},"end":{"line":null,"column":-1}},"13":{"start":{"line":38,"column":5},"end":{"line":40,"column":5}},"14":{"start":{"line":39,"column":12},"end":{"line":null,"column":-1}},"15":{"start":{"line":42,"column":4},"end":{"line":null,"column":-1}},"16":{"start":{"line":50,"column":8},"end":{"line":52,"column":9}},"17":{"start":{"line":51,"column":12},"end":{"line":null,"column":-1}},"18":{"start":{"line":53,"column":8},"end":{"line":55,"column":9}},"19":{"start":{"line":54,"column":12},"end":{"line":null,"column":-1}},"20":{"start":{"line":56,"column":8},"end":{"line":null,"column":-1}},"21":{"start":{"line":62,"column":7},"end":{"line":null,"column":-1}},"22":{"start":{"line":64,"column":12},"end":{"line":null,"column":-1}},"23":{"start":{"line":66,"column":12},"end":{"line":null,"column":-1}},"24":{"start":{"line":70,"column":7},"end":{"line":null,"column":-1}},"25":{"start":{"line":72,"column":12},"end":{"line":null,"column":-1}},"26":{"start":{"line":74,"column":12},"end":{"line":null,"column":-1}}},"fnMap":{"0":{"name":"(anonymous_1)","decl":{"start":{"line":13,"column":31},"end":{"line":13,"column":31}},"loc":{"start":{"line":13,"column":43},"end":{"line":13,"column":0}}},"1":{"name":"(anonymous_2)","decl":{"start":{"line":19,"column":3},"end":{"line":19,"column":3}},"loc":{"start":{"line":19,"column":14},"end":{"line":13,"column":0}}},"2":{"name":"(anonymous_3)","decl":{"start":{"line":25,"column":32},"end":{"line":25,"column":32}},"loc":{"start":{"line":25,"column":46},"end":{"line":25,"column":0}}},"3":{"name":"(anonymous_4)","decl":{"start":{"line":30,"column":3},"end":{"line":30,"column":3}},"loc":{"start":{"line":30,"column":14},"end":{"line":25,"column":0}}},"4":{"name":"checkStatus","decl":{"start":{"line":36,"column":9},"end":{"line":36,"column":0}},"loc":{"start":{"line":36,"column":31},"end":{"line":46,"column":1}}},"5":{"name":"get","decl":{"start":{"line":60,"column":16},"end":{"line":61,"column":7}},"loc":{"start":{"line":61,"column":17},"end":{"line":60,"column":16}}},"6":{"name":"(anonymous_8)","decl":{"start":{"line":63,"column":14},"end":{"line":63,"column":22}},"loc":{"start":{"line":63,"column":32},"end":{"line":62,"column":14}}},"7":{"name":"(anonymous_9)","decl":{"start":{"line":65,"column":17},"end":{"line":65,"column":25}},"loc":{"start":{"line":65,"column":32},"end":{"line":62,"column":14}}},"8":{"name":"post","decl":{"start":{"line":60,"column":16},"end":{"line":69,"column":8}},"loc":{"start":{"line":69,"column":19},"end":{"line":60,"column":16}}},"9":{"name":"(anonymous_11)","decl":{"start":{"line":71,"column":14},"end":{"line":71,"column":22}},"loc":{"start":{"line":71,"column":32},"end":{"line":70,"column":14}}},"10":{"name":"(anonymous_12)","decl":{"start":{"line":73,"column":17},"end":{"line":73,"column":25}},"loc":{"start":{"line":73,"column":32},"end":{"line":70,"column":14}}}},"branchMap":{"0":{"loc":{"start":{"line":4,"column":0},"end":{"line":8,"column":1}},"type":"if","locations":[{"start":{"line":4,"column":0},"end":{"line":8,"column":1}},{"start":{"line":4,"column":0},"end":{"line":8,"column":1}}]},"1":{"loc":{"start":{"line":4,"column":4},"end":{"line":4,"column":3}},"type":"binary-expr","locations":[{"start":{"line":4,"column":4},"end":{"line":4,"column":3}},{"start":{"line":4,"column":42},"end":{"line":4,"column":0}}]},"2":{"loc":{"start":{"line":6,"column":7},"end":{"line":8,"column":1}},"type":"if","locations":[{"start":{"line":6,"column":7},"end":{"line":8,"column":1}},{"start":{"line":6,"column":7},"end":{"line":8,"column":1}}]},"3":{"loc":{"start":{"line":38,"column":5},"end":{"line":40,"column":5}},"type":"if","locations":[{"start":{"line":38,"column":5},"end":{"line":40,"column":5}},{"start":{"line":38,"column":5},"end":{"line":40,"column":5}}]},"4":{"loc":{"start":{"line":38,"column":9},"end":{"line":38,"column":21}},"type":"binary-expr","locations":[{"start":{"line":38,"column":9},"end":{"line":38,"column":21}},{"start":{"line":38,"column":22},"end":{"line":38,"column":21}},{"start":{"line":38,"column":49},"end":{"line":38,"column":22}},{"start":{"line":38,"column":76},"end":{"line":38,"column":9}}]},"5":{"loc":{"start":{"line":50,"column":8},"end":{"line":52,"column":9}},"type":"if","locations":[{"start":{"line":50,"column":8},"end":{"line":52,"column":9}},{"start":{"line":50,"column":8},"end":{"line":52,"column":9}}]},"6":{"loc":{"start":{"line":53,"column":8},"end":{"line":55,"column":9}},"type":"if","locations":[{"start":{"line":53,"column":8},"end":{"line":55,"column":9}},{"start":{"line":53,"column":8},"end":{"line":55,"column":9}}]},"7":{"loc":{"start":{"line":53,"column":12},"end":{"line":53,"column":11}},"type":"binary-expr","locations":[{"start":{"line":53,"column":12},"end":{"line":53,"column":11}},{"start":{"line":53,"column":27},"end":{"line":53,"column":8}}]}},"s":{"0":0,"1":0,"2":0,"3":0,"4":0,"5":0,"6":0,"7":0,"8":0,"9":0,"10":0,"11":0,"12":0,"13":0,"14":0,"15":0,"16":0,"17":0,"18":0,"19":0,"20":0,"21":0,"22":0,"23":0,"24":0,"25":0,"26":0},"f":{"0":0,"1":0,"2":0,"3":0,"4":0,"5":0,"6":0,"7":0,"8":0,"9":0,"10":0},"b":{"0":[0,0],"1":[0,0],"2":[0,0],"3":[0,0],"4":[0,0,0,0],"5":[0,0],"6":[0,0],"7":[0,0]}}
,"/Users/artadmire/goShop/src/components/footerGuide/footerGuide.vue": {"path":"/Users/artadmire/goShop/src/components/footerGuide/footerGuide.vue","statementMap":{"0":{"start":{"line":13,"column":0},"end":{"line":null,"column":-1}},"1":{"start":{"line":17,"column":0},"end":{"line":null,"column":-1}},"2":{"start":{"line":18,"column":0},"end":{"line":null,"column":-1}},"3":{"start":{"line":21,"column":0},"end":{"line":null,"column":-1}}},"fnMap":{"0":{"name":"data","decl":{"start":{"line":20,"column":0},"end":{"line":null,"column":-1}},"loc":{"start":{"line":20,"column":0},"end":{"line":25,"column":0}}},"1":{"name":"created","decl":{"start":{"line":26,"column":0},"end":{"line":null,"column":-1}},"loc":{"start":{"line":26,"column":0},"end":{"line":null,"column":-1}}}},"branchMap":{},"s":{"0":0,"1":0,"2":0,"3":0},"f":{"0":0,"1":0},"b":{}}
,"/Users/artadmire/goShop/src/filters/filters.js": {"path":"/Users/artadmire/goShop/src/filters/filters.js","statementMap":{"0":{"start":{"line":1,"column":0},"end":{"line":null,"column":-1}},"1":{"start":{"line":4,"column":0},"end":{"line":null,"column":-1}},"2":{"start":{"line":5,"column":4},"end":{"line":5,"column":16}},"3":{"start":{"line":5,"column":16},"end":{"line":null,"column":-1}},"4":{"start":{"line":6,"column":4},"end":{"line":null,"column":-1}},"5":{"start":{"line":7,"column":4},"end":{"line":null,"column":-1}}},"fnMap":{"0":{"name":"(anonymous_1)","decl":{"start":{"line":4,"column":25},"end":{"line":4,"column":34}},"loc":{"start":{"line":4,"column":42},"end":{"line":4,"column":0}}}},"branchMap":{"0":{"loc":{"start":{"line":5,"column":4},"end":{"line":5,"column":16}},"type":"if","locations":[{"start":{"line":5,"column":4},"end":{"line":5,"column":16}},{"start":{"line":5,"column":4},"end":{"line":5,"column":16}}]}},"s":{"0":0,"1":0,"2":0,"3":0,"4":0,"5":0},"f":{"0":0},"b":{"0":[0,0]}}
,"/Users/artadmire/goShop/src/mock/mock.js": {"path":"/Users/artadmire/goShop/src/mock/mock.js","statementMap":{"0":{"start":{"line":1,"column":0},"end":{"line":null,"column":-1}},"1":{"start":{"line":3,"column":0},"end":{"line":null,"column":-1}}},"fnMap":{},"branchMap":{},"s":{"0":0,"1":0},"f":{},"b":{}}
,"/Users/artadmire/goShop/src/pages/Home/home.vue": {"path":"/Users/artadmire/goShop/src/pages/Home/home.vue","statementMap":{"0":{"start":{"line":7,"column":0},"end":{"line":null,"column":-1}},"1":{"start":{"line":8,"column":0},"end":{"line":null,"column":-1}},"2":{"start":{"line":12,"column":0},"end":{"line":null,"column":-1}},"3":{"start":{"line":19,"column":0},"end":{"line":null,"column":-1}},"4":{"start":{"line":21,"column":0},"end":{"line":null,"column":-1}}},"fnMap":{"0":{"name":"data","decl":{"start":{"line":11,"column":0},"end":{"line":null,"column":-1}},"loc":{"start":{"line":11,"column":0},"end":{"line":15,"column":0}}},"1":{"name":"created","decl":{"start":{"line":19,"column":0},"end":{"line":null,"column":-1}},"loc":{"start":{"line":19,"column":0},"end":{"line":22,"column":0}}}},"branchMap":{"0":{"loc":{"start":{"line":19,"column":0},"end":{"line":null,"column":-1}},"type":"switch","locations":[{"start":{"line":19,"column":0},"end":{"line":null,"column":-1}},{"start":{"line":19,"column":0},"end":{"line":21,"column":0}},{"start":{"line":19,"column":0},"end":{"line":null,"column":-1}},{"start":{"line":19,"column":0},"end":{"line":null,"column":-1}}]}},"s":{"0":0,"1":0,"2":0,"3":0,"4":0},"f":{"0":0,"1":0},"b":{"0":[0,0,0,0]}}
,"/Users/artadmire/goShop/src/store/actions.js": {"path":"/Users/artadmire/goShop/src/store/actions.js","statementMap":{"0":{"start":{"line":1,"column":0},"end":{"line":null,"column":-1}},"1":{"start":{"line":2,"column":0},"end":{"line":null,"column":-1}},"2":{"start":{"line":4,"column":35},"end":{"line":4,"column":19}},"3":{"start":{"line":4,"column":35},"end":{"line":4,"column":34}},"4":{"start":{"line":4,"column":35},"end":{"line":null,"column":-1}},"5":{"start":{"line":4,"column":35},"end":{"line":5,"column":11}},"6":{"start":{"line":5,"column":12},"end":{"line":4,"column":35}},"7":{"start":{"line":6,"column":8},"end":{"line":null,"column":-1}},"8":{"start":{"line":7,"column":8},"end":{"line":4,"column":35}},"9":{"start":{"line":8,"column":12},"end":{"line":null,"column":-1}}},"fnMap":{"0":{"name":"getConfig","decl":{"start":{"line":3,"column":15},"end":{"line":4,"column":34}},"loc":{"start":{"line":4,"column":35},"end":{"line":3,"column":15}}},"1":{"name":"_callee","decl":{"start":{"line":4,"column":35},"end":{"line":null,"column":-1}},"loc":{"start":{"line":4,"column":35},"end":{"line":null,"column":-1}}}},"branchMap":{"0":{"loc":{"start":{"line":4,"column":35},"end":{"line":5,"column":11}},"type":"switch","locations":[{"start":{"line":4,"column":35},"end":{"line":5,"column":11}},{"start":{"line":4,"column":35},"end":{"line":4,"column":34}},{"start":{"line":4,"column":35},"end":{"line":null,"column":-1}},{"start":{"line":4,"column":35},"end":{"line":null,"column":-1}}]},"1":{"loc":{"start":{"line":7,"column":8},"end":{"line":4,"column":35}},"type":"if","locations":[{"start":{"line":7,"column":8},"end":{"line":4,"column":35}},{"start":{"line":7,"column":8},"end":{"line":4,"column":35}}]}},"s":{"0":0,"1":0,"2":0,"3":0,"4":0,"5":0,"6":0,"7":0,"8":0,"9":0},"f":{"0":0,"1":0},"b":{"0":[0,0,0,0],"1":[0,0]}}
,"/Users/artadmire/goShop/src/store/index.js": {"path":"/Users/artadmire/goShop/src/store/index.js","statementMap":{"0":{"start":{"line":1,"column":0},"end":{"line":null,"column":-1}},"1":{"start":{"line":2,"column":0},"end":{"line":null,"column":-1}},"2":{"start":{"line":3,"column":0},"end":{"line":null,"column":-1}},"3":{"start":{"line":4,"column":0},"end":{"line":null,"column":-1}},"4":{"start":{"line":5,"column":0},"end":{"line":null,"column":-1}},"5":{"start":{"line":6,"column":0},"end":{"line":null,"column":-1}}},"fnMap":{},"branchMap":{},"s":{"0":0,"1":0,"2":0,"3":0,"4":0,"5":0},"f":{},"b":{}}
,"/Users/artadmire/goShop/src/store/mutations.js": {"path":"/Users/artadmire/goShop/src/store/mutations.js","statementMap":{"0":{"start":{"line":1,"column":0},"end":{"line":null,"column":-1}},"1":{"start":{"line":4,"column":8},"end":{"line":null,"column":-1}}},"fnMap":{},"branchMap":{},"s":{"0":0,"1":0},"f":{},"b":{}}
,"/Users/artadmire/goShop/src/store/type.js": {"path":"/Users/artadmire/goShop/src/store/type.js","statementMap":{"0":{"start":{"line":1,"column":13},"end":{"line":1,"column":7}}},"fnMap":{},"branchMap":{},"s":{"0":0},"f":{},"b":{}}
}
