TN:
SF:/Users/artadmire/goShop/src/App.vue
FN:14,created
FN:15,(anonymous_3)
FN:20,Test
FN:21,(anonymous_5)
FN:22,(anonymous_6)
FNF:5
FNH:0
FNDA:0,created
FNDA:0,(anonymous_3)
FNDA:0,Test
FNDA:0,(anonymous_5)
FNDA:0,(anonymous_6)
DA:9,0
DA:15,0
DA:16,0
DA:21,0
DA:22,0
DA:23,0
LF:6
LH:0
BRF:0
BRH:0
end_of_record
TN:
SF:/Users/artadmire/goShop/src/api/index.js
FN:5,getConfig
FNF:1
FNH:0
FNDA:0,getConfig
DA:2,0
DA:3,0
DA:4,0
DA:6,0
LF:4
LH:0
BRF:0
BRH:0
end_of_record
TN:
SF:/Users/artadmire/goShop/src/api/request.js
FN:13,(anonymous_1)
FN:19,(anonymous_2)
FN:25,(anonymous_3)
FN:30,(anonymous_4)
FN:36,checkStatus
FN:60,get
FN:63,(anonymous_8)
FN:65,(anonymous_9)
FN:60,post
FN:71,(anonymous_11)
FN:73,(anonymous_12)
FNF:11
FNH:0
FNDA:0,(anonymous_1)
FNDA:0,(anonymous_2)
FNDA:0,(anonymous_3)
FNDA:0,(anonymous_4)
FNDA:0,checkStatus
FNDA:0,get
FNDA:0,(anonymous_8)
FNDA:0,(anonymous_9)
FNDA:0,post
FNDA:0,(anonymous_11)
FNDA:0,(anonymous_12)
DA:2,0
DA:4,0
DA:5,0
DA:6,0
DA:7,0
DA:9,0
DA:10,0
DA:13,0
DA:18,0
DA:21,0
DA:25,0
DA:29,0
DA:32,0
DA:38,0
DA:39,0
DA:42,0
DA:50,0
DA:51,0
DA:53,0
DA:54,0
DA:56,0
DA:62,0
DA:64,0
DA:66,0
DA:70,0
DA:72,0
DA:74,0
LF:27
LH:0
BRDA:4,0,0,0
BRDA:4,0,1,0
BRDA:4,1,0,0
BRDA:4,1,1,0
BRDA:6,2,0,0
BRDA:6,2,1,0
BRDA:38,3,0,0
BRDA:38,3,1,0
BRDA:38,4,0,0
BRDA:38,4,1,0
BRDA:38,4,2,0
BRDA:38,4,3,0
BRDA:50,5,0,0
BRDA:50,5,1,0
BRDA:53,6,0,0
BRDA:53,6,1,0
BRDA:53,7,0,0
BRDA:53,7,1,0
BRF:18
BRH:0
end_of_record
TN:
SF:/Users/artadmire/goShop/src/components/footerGuide/footerGuide.vue
FN:20,data
FN:26,created
FNF:2
FNH:0
FNDA:0,data
FNDA:0,created
DA:13,0
DA:17,0
DA:18,0
DA:21,0
LF:4
LH:0
BRF:0
BRH:0
end_of_record
TN:
SF:/Users/artadmire/goShop/src/filters/filters.js
FN:4,(anonymous_1)
FNF:1
FNH:0
FNDA:0,(anonymous_1)
DA:1,0
DA:4,0
DA:5,0
DA:6,0
DA:7,0
LF:5
LH:0
BRDA:5,0,0,0
BRDA:5,0,1,0
BRF:2
BRH:0
end_of_record
TN:
SF:/Users/artadmire/goShop/src/mock/mock.js
FNF:0
FNH:0
DA:1,0
DA:3,0
LF:2
LH:0
BRF:0
BRH:0
end_of_record
TN:
SF:/Users/artadmire/goShop/src/pages/Home/home.vue
FN:11,data
FN:19,created
FNF:2
FNH:0
FNDA:0,data
FNDA:0,created
DA:7,0
DA:8,0
DA:12,0
DA:19,0
DA:21,0
LF:5
LH:0
BRDA:19,0,0,0
BRDA:19,0,1,0
BRDA:19,0,2,0
BRDA:19,0,3,0
BRF:4
BRH:0
end_of_record
TN:
SF:/Users/artadmire/goShop/src/store/actions.js
FN:3,getConfig
FN:4,_callee
FNF:2
FNH:0
FNDA:0,getConfig
FNDA:0,_callee
DA:1,0
DA:2,0
DA:4,0
DA:5,0
DA:6,0
DA:7,0
DA:8,0
LF:7
LH:0
BRDA:4,0,0,0
BRDA:4,0,1,0
BRDA:4,0,2,0
BRDA:4,0,3,0
BRDA:7,1,0,0
BRDA:7,1,1,0
BRF:6
BRH:0
end_of_record
TN:
SF:/Users/artadmire/goShop/src/store/index.js
FNF:0
FNH:0
DA:1,0
DA:2,0
DA:3,0
DA:4,0
DA:5,0
DA:6,0
LF:6
LH:0
BRF:0
BRH:0
end_of_record
TN:
SF:/Users/artadmire/goShop/src/store/mutations.js
FNF:0
FNH:0
DA:1,0
DA:4,0
LF:2
LH:0
BRF:0
BRH:0
end_of_record
TN:
SF:/Users/artadmire/goShop/src/store/type.js
FNF:0
FNH:0
DA:1,0
LF:1
LH:0
BRF:0
BRH:0
end_of_record
